<?xml version="1.0" encoding="UTF-8"?>
<!-- Generated by org.testng.reporters.JUnitReportReporter -->
<testsuite hostname="SUBHADEEP" failures="0" tests="1" name="Campaign.CreateCampaignTest" time="34.635" errors="0" timestamp="2023-04-23T16:43:12 IST" skipped="0">
  <testcase classname="Campaign.CreateCampaignTest" name="CreateCampaign" time="34.635"/>
  <system-out/>
</testsuite> <!-- Campaign.CreateCampaignTest -->
