<?xml version="1.0" encoding="UTF-8"?>
<!-- Generated by org.testng.reporters.JUnitReportReporter -->
<testsuite hostname="SUBHADEEP" failures="0" tests="1" name="Organization.CreateOrganizationTest" time="12.821" errors="0" timestamp="2023-04-21T15:05:24 IST" skipped="0">
  <testcase classname="Organization.CreateOrganizationTest" name="createOrganization" time="12.821"/>
  <system-out/>
</testsuite> <!-- Organization.CreateOrganizationTest -->
