<?xml version="1.0" encoding="UTF-8"?>
<!-- Generated by org.testng.reporters.JUnitReportReporter -->
<testsuite hostname="SUBHADEEP" failures="0" tests="1" name="Product.CreateProduct_G_B" time="11.515" errors="0" timestamp="2023-04-11T00:20:01 IST" skipped="0">
  <testcase classname="Product.CreateProduct_G_B" name="CreateProduct" time="11.515"/>
  <system-out/>
</testsuite> <!-- Product.CreateProduct_G_B -->
