<?xml version="1.0" encoding="UTF-8"?>
<!-- Generated by org.testng.reporters.JUnitReportReporter -->
<testsuite hostname="SUBHADEEP" failures="0" tests="3" name="practice.DataProviderUsingExcel" time="0.013" errors="0" timestamp="2023-04-21T00:11:13 IST" skipped="0">
  <testcase classname="practice.DataProviderUsingExcel" name="readData" time="0.011"/>
  <system-out/>
  <testcase classname="practice.DataProviderUsingExcel" name="readData" time="0.001"/>
  <system-out/>
  <testcase classname="practice.DataProviderUsingExcel" name="readData" time="0.001"/>
  <system-out/>
</testsuite> <!-- practice.DataProviderUsingExcel -->
