<?xml version="1.0" encoding="UTF-8"?>
<!-- Generated by org.testng.reporters.JUnitReportReporter -->
<testsuite hostname="SUBHADEEP" failures="0" tests="3" name="practice.DataProviderExample" time="0.016" errors="0" timestamp="2023-04-20T23:38:52 IST" skipped="0">
  <testcase classname="practice.DataProviderExample" name="bookTickets" time="0.000"/>
  <system-out/>
  <testcase classname="practice.DataProviderExample" name="bookTickets" time="0.014"/>
  <system-out/>
  <testcase classname="practice.DataProviderExample" name="bookTickets" time="0.002"/>
  <system-out/>
</testsuite> <!-- practice.DataProviderExample -->
