<?xml version="1.0" encoding="UTF-8"?>
<!-- Generated by org.testng.reporters.JUnitReportReporter -->
<testsuite hostname="SUBHADEEP" failures="0" tests="3" name="practice.TestngDemo" time="0.016" errors="0" timestamp="2023-04-10T23:55:31 IST" skipped="0">
  <testcase classname="practice.TestngDemo" name="deleteCustomer" time="0.002"/>
  <system-out>
    <![CDATA[DeleteCustomer]]>
  </system-out>
  <testcase classname="practice.TestngDemo" name="createCustomer" time="0.014"/>
  <system-out>
    <![CDATA[CreateCustomer]]>
  </system-out>
  <testcase classname="practice.TestngDemo" name="editCustomer" time="0.000"/>
  <system-out>
    <![CDATA[EditCustomer]]>
  </system-out>
</testsuite> <!-- practice.TestngDemo -->
